2022-09-29 16:22:59.455,ZMV7ZXO8Lsdr9panAAAB,,Expansion,[135,210,609,543]
2022-09-29 16:23:06.934,ZMV7ZXO8Lsdr9panAAAB,193317,Shrink,[135,210,609,543]
2022-09-29 16:23:09.581,ZMV7ZXO8Lsdr9panAAAB,193317,Expansion,[135,210,609,543]
2022-09-29 16:23:10.086,ZMV7ZXO8Lsdr9panAAAB,193317,Shrink,[135,210,609,543]
2022-09-29 16:23:10.718,ZMV7ZXO8Lsdr9panAAAB,193317,Expansion,[135,210,609,543]
2022-09-29 16:23:11.245,ZMV7ZXO8Lsdr9panAAAB,193317,Shrink,[135,210,609,543]
2022-09-29 16:23:14.117,W6aWPb9h6yy-_vJiAAAA,193317,Expansion,[168,237,497,493]
2022-09-29 16:23:14.982,W6aWPb9h6yy-_vJiAAAA,193317,Shrink,[168,237,497,493]
2022-09-29 16:23:15.678,W6aWPb9h6yy-_vJiAAAA,193317,Expansion,[168,237,497,493]
2022-09-29 16:23:16.189,W6aWPb9h6yy-_vJiAAAA,193317,Shrink,[168,237,497,493]
2022-09-29 16:23:16.783,W6aWPb9h6yy-_vJiAAAA,193317,Expansion,[168,237,497,493]
2022-09-29 16:23:17.325,W6aWPb9h6yy-_vJiAAAA,193317,Shrink,[168,237,497,493]
2022-09-29 16:23:17.717,W6aWPb9h6yy-_vJiAAAA,193317,Expansion,[168,237,497,493]
accept new user SdOFAdv9W1u-giUCAAAC
accept new user 4GXtPQv-Zw1qsfIXAAAD
2022-09-29 16:27:17.613,4GXtPQv-Zw1qsfIXAAAD,,Expansion,[302,192,693,364]
2022-09-29 16:27:18.778,4GXtPQv-Zw1qsfIXAAAD,,Shrink,[302,192,693,364]
2022-09-29 16:27:19.844,4GXtPQv-Zw1qsfIXAAAD,,Expansion,[302,192,693,364]
2022-09-29 16:27:20.028,4GXtPQv-Zw1qsfIXAAAD,,Shrink,[302,192,693,364]
2022-09-29 16:27:20.195,4GXtPQv-Zw1qsfIXAAAD,,Expansion,[302,192,693,364]
2022-09-29 16:27:20.362,4GXtPQv-Zw1qsfIXAAAD,,Shrink,[302,192,693,364]
2022-09-29 16:27:20.527,4GXtPQv-Zw1qsfIXAAAD,,Expansion,[302,192,693,364]
2022-09-29 16:27:20.661,4GXtPQv-Zw1qsfIXAAAD,,Shrink,[302,192,693,364]
2022-09-29 16:27:20.762,4GXtPQv-Zw1qsfIXAAAD,,Expansion,[302,192,693,364]
2022-09-29 16:27:20.895,4GXtPQv-Zw1qsfIXAAAD,,Shrink,[302,192,693,364]
2022-09-29 16:27:21.028,4GXtPQv-Zw1qsfIXAAAD,,Expansion,[302,192,693,364]
2022-09-29 16:27:21.477,4GXtPQv-Zw1qsfIXAAAD,,Shrink,[302,192,693,364]
2022-09-29 16:27:21.694,4GXtPQv-Zw1qsfIXAAAD,,Expansion,[302,192,693,364]
2022-09-29 16:27:22.177,4GXtPQv-Zw1qsfIXAAAD,,Shrink,[302,192,693,364]
2022-09-29 16:27:48.386,4GXtPQv-Zw1qsfIXAAAD,213304,Expansion,[369,315,587,475]
2022-09-29 16:27:48.703,4GXtPQv-Zw1qsfIXAAAD,213304,Shrink,[369,315,587,475]
2022-09-29 16:27:48.854,4GXtPQv-Zw1qsfIXAAAD,213304,Expansion,[369,315,587,475]
2022-09-29 16:27:49.020,4GXtPQv-Zw1qsfIXAAAD,213304,Shrink,[369,315,587,475]
2022-09-29 16:27:49.154,4GXtPQv-Zw1qsfIXAAAD,213304,Expansion,[369,315,587,475]
2022-09-29 16:27:49.320,4GXtPQv-Zw1qsfIXAAAD,213304,Shrink,[369,315,587,475]
2022-09-29 16:27:49.469,4GXtPQv-Zw1qsfIXAAAD,213304,Expansion,[369,315,587,475]
2022-09-29 16:27:49.636,4GXtPQv-Zw1qsfIXAAAD,213304,Shrink,[369,315,587,475]
2022-09-29 16:27:49.803,4GXtPQv-Zw1qsfIXAAAD,213304,Expansion,[369,315,587,475]
2022-09-29 16:27:49.969,4GXtPQv-Zw1qsfIXAAAD,213304,Shrink,[369,315,587,475]
2022-09-29 16:27:50.202,4GXtPQv-Zw1qsfIXAAAD,213304,Expansion,[369,315,587,475]
2022-09-29 16:27:52.936,4GXtPQv-Zw1qsfIXAAAD,213304,Shrink,[407.15,340.288,472.76800000000003,386.722]
2022-09-29 16:27:53.718,4GXtPQv-Zw1qsfIXAAAD,213304,Expansion,[407.15,340.288,472.76800000000003,386.722]
2022-09-29 16:27:54.285,4GXtPQv-Zw1qsfIXAAAD,213304,Shrink,[407.15,340.288,472.76800000000003,386.722]
2022-09-29 16:27:56.117,ZMV7ZXO8Lsdr9panAAAB,193317,Expansion,[135,210,609,543]
2022-09-29 16:27:57.077,ZMV7ZXO8Lsdr9panAAAB,193317,Shrink,[135,210,609,543]
2022-09-29 16:27:59.834,4GXtPQv-Zw1qsfIXAAAD,213304,Expansion,[317,474,503,484]
2022-09-29 16:28:00.221,ZMV7ZXO8Lsdr9panAAAB,193317,Expansion,[135,210,609,543]
2022-09-29 16:28:03.482,4GXtPQv-Zw1qsfIXAAAD,213304,Shrink,[421.53200000000004,531.474,432.32,567]
2022-09-29 16:28:03.229,W6aWPb9h6yy-_vJiAAAA,193317,Shrink,[168,237,497,493]
2022-09-29 16:28:03.899,4GXtPQv-Zw1qsfIXAAAD,213304,Expansion,[421.53200000000004,531.474,432.32,567]
2022-09-29 16:28:05.015,4GXtPQv-Zw1qsfIXAAAD,213304,Shrink,[421.53200000000004,531.474,432.32,567]
2022-09-29 16:28:05.432,4GXtPQv-Zw1qsfIXAAAD,213304,Expansion,[421.53200000000004,531.474,432.32,567]
2022-09-29 16:28:05.781,4GXtPQv-Zw1qsfIXAAAD,213304,Shrink,[421.53200000000004,531.474,432.32,567]
2022-09-29 16:28:06.298,4GXtPQv-Zw1qsfIXAAAD,213304,Expansion,[421.53200000000004,531.474,432.32,567]
2022-09-29 16:28:05.838,W6aWPb9h6yy-_vJiAAAA,193317,Expansion,[168,237,497,493]
2022-09-29 16:28:06.649,4GXtPQv-Zw1qsfIXAAAD,213304,Shrink,[421.53200000000004,531.474,432.32,567]
2022-09-29 16:28:08.949,ZMV7ZXO8Lsdr9panAAAB,193317,Shrink,[135,210,609,543]
2022-09-29 16:28:14.013,4GXtPQv-Zw1qsfIXAAAD,213304,Expansion,[509,586,519,598]
2022-09-29 16:28:14.596,4GXtPQv-Zw1qsfIXAAAD,213304,Shrink,[509,586,519,598]
2022-09-29 16:28:14.812,4GXtPQv-Zw1qsfIXAAAD,213304,Expansion,[509,586,519,598]
2022-09-29 16:28:15.030,4GXtPQv-Zw1qsfIXAAAD,213304,Shrink,[509,586,519,598]
2022-09-29 16:28:15.196,4GXtPQv-Zw1qsfIXAAAD,213304,Expansion,[509,586,519,598]
2022-09-29 16:28:15.396,4GXtPQv-Zw1qsfIXAAAD,213304,Shrink,[509,586,519,598]
2022-09-29 16:28:15.596,4GXtPQv-Zw1qsfIXAAAD,213304,Expansion,[509,586,519,598]
2022-09-29 16:28:15.829,4GXtPQv-Zw1qsfIXAAAD,213304,Shrink,[509,586,519,598]
2022-09-29 16:28:16.012,4GXtPQv-Zw1qsfIXAAAD,213304,Expansion,[509,586,519,598]
2022-09-29 16:28:16.198,4GXtPQv-Zw1qsfIXAAAD,213304,Shrink,[509,586,519,598]
2022-09-29 16:28:16.395,4GXtPQv-Zw1qsfIXAAAD,213304,Expansion,[509,586,519,598]
2022-09-29 16:28:16.562,4GXtPQv-Zw1qsfIXAAAD,213304,Shrink,[509,586,519,598]
2022-09-29 16:28:16.746,4GXtPQv-Zw1qsfIXAAAD,213304,Expansion,[509,586,519,598]
2022-09-29 16:28:16.912,4GXtPQv-Zw1qsfIXAAAD,213304,Shrink,[509,586,519,598]
