accept new user e-9RTVK_Z-2HOFnFAAAA
2022-10-24 13:55:55.400,e-9RTVK_Z-2HOFnFAAAA,,Expansion,[79,174,352,425]
2022-10-24 13:55:55.855,e-9RTVK_Z-2HOFnFAAAA,,Shrink,[79,174,352,425]
accept new user v5g1Gp-G7AP5xtDQAAAB
2022-10-24 13:59:29.360,v5g1Gp-G7AP5xtDQAAAB,,Expansion,[215,248,812,514]
2022-10-24 13:59:29.785,v5g1Gp-G7AP5xtDQAAAB,,Shrink,[215,248,812,514]
accept new user y0ze-WyzU_A9TjINAAAC
2022-10-24 14:01:27.968,y0ze-WyzU_A9TjINAAAC,,Expansion,[204,308,539,519]
2022-10-24 14:01:28.320,y0ze-WyzU_A9TjINAAAC,,Shrink,[204,308,539,519]
accept new user d3A7xec8TdhJiS-DAAAD
accept new user ENk43my1S-gpiAoAAAAE
accept new user dpZDe0FUrAVQbMN-AAAF
accept new user 02fsLThUuMbRgL1kAAAG
2022-10-24 14:07:04.999,02fsLThUuMbRgL1kAAAG,,Expansion,[67,125,257,412]
2022-10-24 14:07:10.312,02fsLThUuMbRgL1kAAAG,,Shrink,[67,125,257,412]
2022-10-24 14:07:12.791,02fsLThUuMbRgL1kAAAG,,Expansion,[295,140,474,268]
2022-10-24 14:07:14.831,02fsLThUuMbRgL1kAAAG,,Shrink,[295,140,474,268]
2022-10-24 14:07:21.706,02fsLThUuMbRgL1kAAAG,,Expansion,[295,140,474,268]
2022-10-24 14:07:22.512,02fsLThUuMbRgL1kAAAG,,Shrink,[295,140,474,268]
2022-10-24 14:07:24.008,02fsLThUuMbRgL1kAAAG,,Expansion,[295,140,474,268]
2022-10-24 14:07:24.592,02fsLThUuMbRgL1kAAAG,,Shrink,[295,140,474,268]
2022-10-24 14:07:27.040,02fsLThUuMbRgL1kAAAG,,Expansion,[38,37,229,164]
2022-10-24 14:07:27.464,02fsLThUuMbRgL1kAAAG,,Shrink,[38,37,229,164]
2022-10-24 14:07:29.632,02fsLThUuMbRgL1kAAAG,,Expansion,[244,305,465,508]
2022-10-24 14:07:30.008,02fsLThUuMbRgL1kAAAG,,Shrink,[244,305,465,508]
accept new user vil2_VmFcn1KrevRAAAH
2022-10-24 14:07:51.274,vil2_VmFcn1KrevRAAAH,,Expansion,[7,38,150,116]
2022-10-24 14:07:55.841,vil2_VmFcn1KrevRAAAH,,Shrink,[7,38,150,116]
2022-10-24 14:08:02.969,vil2_VmFcn1KrevRAAAH,,Expansion,[6,37,196,157]
2022-10-24 14:08:06.465,vil2_VmFcn1KrevRAAAH,,Shrink,[6,37,196,157]
2022-10-24 14:08:10.081,vil2_VmFcn1KrevRAAAH,,Expansion,[5,39,361,278]
2022-10-24 14:08:11.488,vil2_VmFcn1KrevRAAAH,,Shrink,[5,39,361,278]
2022-10-24 14:08:15.521,vil2_VmFcn1KrevRAAAH,,Expansion,[2,40,150,214]
2022-10-24 14:08:18.473,vil2_VmFcn1KrevRAAAH,,Shrink,[2,40,150,214]
2022-10-24 14:08:22.705,vil2_VmFcn1KrevRAAAH,,Expansion,[9,41,216,160]
2022-10-24 14:08:25.721,vil2_VmFcn1KrevRAAAH,,Shrink,[9,41,216,160]
2022-10-24 14:08:45.714,vil2_VmFcn1KrevRAAAH,,Expansion,[75,368,337,609]
2022-10-24 14:08:46.889,vil2_VmFcn1KrevRAAAH,,Shrink,[75,368,337,609]
2022-10-24 14:08:52.001,vil2_VmFcn1KrevRAAAH,,Expansion,[327,449,488,620]
2022-10-24 14:08:53.249,vil2_VmFcn1KrevRAAAH,,Shrink,[327,449,488,620]
accept new user 2D-61U_z4Vm_5jKnAAAI
2022-10-24 14:13:38.842,2D-61U_z4Vm_5jKnAAAI,,Expansion,[14,39,261,187]
2022-10-24 14:13:40.952,2D-61U_z4Vm_5jKnAAAI,,Shrink,[14,39,261,187]
2022-10-24 14:13:46.641,2D-61U_z4Vm_5jKnAAAI,,Expansion,[205,0,367,60]
2022-10-24 14:13:47.769,2D-61U_z4Vm_5jKnAAAI,,Shrink,[205,0,367,60]
2022-10-24 14:13:52.961,2D-61U_z4Vm_5jKnAAAI,,Expansion,[4,35,196,167]
2022-10-24 14:13:59.538,2D-61U_z4Vm_5jKnAAAI,,Shrink,[4,35,196,167]
2022-10-24 14:14:03.233,2D-61U_z4Vm_5jKnAAAI,,Expansion,[8,156,221,246]
2022-10-24 14:14:05.129,2D-61U_z4Vm_5jKnAAAI,,Shrink,[8,156,221,246]
2022-10-24 14:14:08.745,2D-61U_z4Vm_5jKnAAAI,,Expansion,[9,142,128,260]
2022-10-24 14:14:12.009,2D-61U_z4Vm_5jKnAAAI,,Shrink,[9,142,128,260]
2022-10-24 14:14:19.609,2D-61U_z4Vm_5jKnAAAI,,Expansion,[12,95,251,268]
2022-10-24 14:14:26.777,2D-61U_z4Vm_5jKnAAAI,,Shrink,[12,95,251,268]
2022-10-24 14:14:33.601,2D-61U_z4Vm_5jKnAAAI,,Expansion,[5,145,168,344]
2022-10-24 14:14:34.768,2D-61U_z4Vm_5jKnAAAI,,Shrink,[5,145,168,344]
2022-10-24 14:15:15.273,2D-61U_z4Vm_5jKnAAAI,,Expansion,[250,253,475,446]
2022-10-24 14:15:18.057,2D-61U_z4Vm_5jKnAAAI,,Shrink,[370.9090909090909,287.09090909090907,465.9090909090909,408.9090909090909]
2022-10-24 14:15:18.536,2D-61U_z4Vm_5jKnAAAI,,Expansion,[370.9090909090909,287.09090909090907,465.9090909090909,408.9090909090909]
2022-10-24 14:15:20.392,2D-61U_z4Vm_5jKnAAAI,,Shrink,[370.9090909090909,287.09090909090907,465.9090909090909,408.9090909090909]
2022-10-24 14:15:27.977,2D-61U_z4Vm_5jKnAAAI,,Expansion,[238,92,490,248]
2022-10-24 14:15:35.234,2D-61U_z4Vm_5jKnAAAI,,Shrink,[341.3454545454546,111.34545454545454,488.4727272727273,211.12727272727273]
2022-10-24 14:15:35.849,2D-61U_z4Vm_5jKnAAAI,,Expansion,[341.3454545454546,111.34545454545454,488.4727272727273,211.12727272727273]
2022-10-24 14:15:45.729,2D-61U_z4Vm_5jKnAAAI,,Shrink,[341.3454545454546,111.34545454545454,488.4727272727273,211.12727272727273]
accept new user fHSyQVdWUo8WxAuEAAAJ
2022-10-24 14:16:35.753,fHSyQVdWUo8WxAuEAAAJ,,Expansion,[30,43,232,183]
2022-10-24 14:16:38.488,fHSyQVdWUo8WxAuEAAAJ,,Shrink,[30,43,232,183]
2022-10-24 14:16:41.568,fHSyQVdWUo8WxAuEAAAJ,,Expansion,[13,24,413,274]
2022-10-24 14:16:48.496,fHSyQVdWUo8WxAuEAAAJ,,Shrink,[212.79777553083923,29.25783619817998,396.8220424671385,142.09908998988877]
2022-10-24 14:16:48.864,fHSyQVdWUo8WxAuEAAAJ,,Expansion,[212.79777553083923,29.25783619817998,396.8220424671385,142.09908998988877]
2022-10-24 14:16:50.696,fHSyQVdWUo8WxAuEAAAJ,,Shrink,[212.79777553083923,29.25783619817998,396.8220424671385,142.09908998988877]
2022-10-24 14:16:54.672,fHSyQVdWUo8WxAuEAAAJ,,Expansion,[369,48,589,272]
2022-10-24 14:16:57.353,fHSyQVdWUo8WxAuEAAAJ,,Shrink,[369,48,589,272]
2022-10-24 14:17:02.504,fHSyQVdWUo8WxAuEAAAJ,,Expansion,[781,34,975,256]
2022-10-24 14:17:03.952,fHSyQVdWUo8WxAuEAAAJ,,Shrink,[781,34,975,256]
