accept new user 2c5oMhBVSs3F_gKXAAAE
accept new user jCMKaoRB3IgE--vdAAAF
accept new user CvJbO6DMJmEpA-jmAAAG
accept new user yrcyvjLT3LkjN4WgAAAH
2022-09-29 16:29:51.055,jCMKaoRB3IgE--vdAAAF,,Expansion,[190,263,577,518]
2022-09-29 16:29:51.781,jCMKaoRB3IgE--vdAAAF,,Shrink,[190,263,577,518]
2022-09-29 16:29:53.170,yrcyvjLT3LkjN4WgAAAH,,Expansion,[531,356,794,502]
2022-09-29 16:29:53.535,yrcyvjLT3LkjN4WgAAAH,,Shrink,[531,356,794,502]
2022-09-29 16:31:00.783,yrcyvjLT3LkjN4WgAAAH,684568588iopou0ucw[09u209unr09u34095u12390[un2309cu[0ru[2uc[1r2eur[9021ucr09n`029vu19nr[09cu2cr90n12uv0r[2er90u213[rn2uv[1390rcu[210erm[10ru20e9[r16585865865,Expansion,[378,205,571,430]
2022-09-29 16:31:00.999,yrcyvjLT3LkjN4WgAAAH,684568588iopou0ucw[09u209unr09u34095u12390[un2309cu[0ru[2uc[1r2eur[9021ucr09n`029vu19nr[09cu2cr90n12uv0r[2er90u213[rn2uv[1390rcu[210erm[10ru20e9[r16585865865,Shrink,[378,205,571,430]
2022-09-29 16:31:01.199,yrcyvjLT3LkjN4WgAAAH,684568588iopou0ucw[09u209unr09u34095u12390[un2309cu[0ru[2uc[1r2eur[9021ucr09n`029vu19nr[09cu2cr90n12uv0r[2er90u213[rn2uv[1390rcu[210erm[10ru20e9[r16585865865,Expansion,[378,205,571,430]
2022-09-29 16:31:01.399,yrcyvjLT3LkjN4WgAAAH,684568588iopou0ucw[09u209unr09u34095u12390[un2309cu[0ru[2uc[1r2eur[9021ucr09n`029vu19nr[09cu2cr90n12uv0r[2er90u213[rn2uv[1390rcu[210erm[10ru20e9[r16585865865,Shrink,[378,205,571,430]
2022-09-29 16:31:01.566,yrcyvjLT3LkjN4WgAAAH,684568588iopou0ucw[09u209unr09u34095u12390[un2309cu[0ru[2uc[1r2eur[9021ucr09n`029vu19nr[09cu2cr90n12uv0r[2er90u213[rn2uv[1390rcu[210erm[10ru20e9[r16585865865,Expansion,[378,205,571,430]
2022-09-29 16:31:01.732,yrcyvjLT3LkjN4WgAAAH,684568588iopou0ucw[09u209unr09u34095u12390[un2309cu[0ru[2uc[1r2eur[9021ucr09n`029vu19nr[09cu2cr90n12uv0r[2er90u213[rn2uv[1390rcu[210erm[10ru20e9[r16585865865,Shrink,[378,205,571,430]
2022-09-29 16:31:01.899,yrcyvjLT3LkjN4WgAAAH,684568588iopou0ucw[09u209unr09u34095u12390[un2309cu[0ru[2uc[1r2eur[9021ucr09n`029vu19nr[09cu2cr90n12uv0r[2er90u213[rn2uv[1390rcu[210erm[10ru20e9[r16585865865,Expansion,[378,205,571,430]
2022-09-29 16:31:02.050,yrcyvjLT3LkjN4WgAAAH,684568588iopou0ucw[09u209unr09u34095u12390[un2309cu[0ru[2uc[1r2eur[9021ucr09n`029vu19nr[09cu2cr90n12uv0r[2er90u213[rn2uv[1390rcu[210erm[10ru20e9[r16585865865,Shrink,[378,205,571,430]
2022-09-29 16:31:02.216,yrcyvjLT3LkjN4WgAAAH,684568588iopou0ucw[09u209unr09u34095u12390[un2309cu[0ru[2uc[1r2eur[9021ucr09n`029vu19nr[09cu2cr90n12uv0r[2er90u213[rn2uv[1390rcu[210erm[10ru20e9[r16585865865,Expansion,[378,205,571,430]
2022-09-29 16:31:02.382,yrcyvjLT3LkjN4WgAAAH,684568588iopou0ucw[09u209unr09u34095u12390[un2309cu[0ru[2uc[1r2eur[9021ucr09n`029vu19nr[09cu2cr90n12uv0r[2er90u213[rn2uv[1390rcu[210erm[10ru20e9[r16585865865,Shrink,[378,205,571,430]
2022-09-29 16:31:02.649,yrcyvjLT3LkjN4WgAAAH,684568588iopou0ucw[09u209unr09u34095u12390[un2309cu[0ru[2uc[1r2eur[9021ucr09n`029vu19nr[09cu2cr90n12uv0r[2er90u213[rn2uv[1390rcu[210erm[10ru20e9[r16585865865,Expansion,[378,205,571,430]
2022-09-29 16:31:02.799,yrcyvjLT3LkjN4WgAAAH,684568588iopou0ucw[09u209unr09u34095u12390[un2309cu[0ru[2uc[1r2eur[9021ucr09n`029vu19nr[09cu2cr90n12uv0r[2er90u213[rn2uv[1390rcu[210erm[10ru20e9[r16585865865,Shrink,[378,205,571,430]
2022-09-29 16:31:02.982,yrcyvjLT3LkjN4WgAAAH,684568588iopou0ucw[09u209unr09u34095u12390[un2309cu[0ru[2uc[1r2eur[9021ucr09n`029vu19nr[09cu2cr90n12uv0r[2er90u213[rn2uv[1390rcu[210erm[10ru20e9[r16585865865,Expansion,[378,205,571,430]
2022-09-29 16:31:03.648,yrcyvjLT3LkjN4WgAAAH,684568588iopou0ucw[09u209unr09u34095u12390[un2309cu[0ru[2uc[1r2eur[9021ucr09n`029vu19nr[09cu2cr90n12uv0r[2er90u213[rn2uv[1390rcu[210erm[10ru20e9[r16585865865,Shrink,[378,205,571,430]
2022-09-29 16:31:08.930,yrcyvjLT3LkjN4WgAAAH,684568588iopou0ucw[09u209unr09u34095u12390[un2309cu[0ru[2uc[1r2eur[9021ucr09n`029vu19nr[09cu2cr90n12uv0r[2er90u213[rn2uv[1390rcu[210erm[10ru20e9[r16585865865,Expansion,[75,239,603,652]
2022-09-29 16:31:09.231,yrcyvjLT3LkjN4WgAAAH,684568588iopou0ucw[09u209unr09u34095u12390[un2309cu[0ru[2uc[1r2eur[9021ucr09n`029vu19nr[09cu2cr90n12uv0r[2er90u213[rn2uv[1390rcu[210erm[10ru20e9[r16585865865,Shrink,[75,239,603,652]
2022-09-29 16:31:27.575,yrcyvjLT3LkjN4WgAAAH,684568588iopou0ucw[09u209unr09u34095u12390[un2309cu[0ru[2uc[1r2eur[9021ucr09n`029vu19nr[09cu2cr90n12uv0r[2er90u213[rn2uv[1390rcu[210erm[10ru20e9[r16585865865,Expansion,[47,155,951,702]
2022-09-29 16:31:28.025,yrcyvjLT3LkjN4WgAAAH,684568588iopou0ucw[09u209unr09u34095u12390[un2309cu[0ru[2uc[1r2eur[9021ucr09n`029vu19nr[09cu2cr90n12uv0r[2er90u213[rn2uv[1390rcu[210erm[10ru20e9[r16585865865,Shrink,[47,155,951,702]
2022-09-29 16:31:28.375,yrcyvjLT3LkjN4WgAAAH,684568588iopou0ucw[09u209unr09u34095u12390[un2309cu[0ru[2uc[1r2eur[9021ucr09n`029vu19nr[09cu2cr90n12uv0r[2er90u213[rn2uv[1390rcu[210erm[10ru20e9[r16585865865,Expansion,[47,155,951,702]
2022-09-29 16:31:28.592,yrcyvjLT3LkjN4WgAAAH,684568588iopou0ucw[09u209unr09u34095u12390[un2309cu[0ru[2uc[1r2eur[9021ucr09n`029vu19nr[09cu2cr90n12uv0r[2er90u213[rn2uv[1390rcu[210erm[10ru20e9[r16585865865,Shrink,[47,155,951,702]
2022-09-29 16:31:28.859,yrcyvjLT3LkjN4WgAAAH,684568588iopou0ucw[09u209unr09u34095u12390[un2309cu[0ru[2uc[1r2eur[9021ucr09n`029vu19nr[09cu2cr90n12uv0r[2er90u213[rn2uv[1390rcu[210erm[10ru20e9[r16585865865,Expansion,[47,155,951,702]
2022-09-29 16:31:29.275,yrcyvjLT3LkjN4WgAAAH,684568588iopou0ucw[09u209unr09u34095u12390[un2309cu[0ru[2uc[1r2eur[9021ucr09n`029vu19nr[09cu2cr90n12uv0r[2er90u213[rn2uv[1390rcu[210erm[10ru20e9[r16585865865,Shrink,[47,155,951,702]
2022-09-29 16:31:29.841,yrcyvjLT3LkjN4WgAAAH,684568588iopou0ucw[09u209unr09u34095u12390[un2309cu[0ru[2uc[1r2eur[9021ucr09n`029vu19nr[09cu2cr90n12uv0r[2er90u213[rn2uv[1390rcu[210erm[10ru20e9[r16585865865,Expansion,[47,155,951,702]
2022-09-29 16:31:30.191,yrcyvjLT3LkjN4WgAAAH,684568588iopou0ucw[09u209unr09u34095u12390[un2309cu[0ru[2uc[1r2eur[9021ucr09n`029vu19nr[09cu2cr90n12uv0r[2er90u213[rn2uv[1390rcu[210erm[10ru20e9[r16585865865,Shrink,[47,155,951,702]
2022-09-29 16:31:56.753,yrcyvjLT3LkjN4WgAAAH,,Expansion,[128,196,887,349]
2022-09-29 16:31:57.184,yrcyvjLT3LkjN4WgAAAH,,Shrink,[128,196,887,349]
2022-09-29 16:31:57.683,yrcyvjLT3LkjN4WgAAAH,,Expansion,[128,196,887,349]
2022-09-29 16:31:58.117,yrcyvjLT3LkjN4WgAAAH,,Shrink,[128,196,887,349]
2022-09-29 16:31:58.533,yrcyvjLT3LkjN4WgAAAH,,Expansion,[128,196,887,349]
2022-09-29 16:31:58.884,yrcyvjLT3LkjN4WgAAAH,,Shrink,[128,196,887,349]
2022-09-29 16:33:38.840,yrcyvjLT3LkjN4WgAAAH,,Expansion,[251,254,573,321]
2022-09-29 16:33:39.172,yrcyvjLT3LkjN4WgAAAH,,Shrink,[251,254,573,321]
