accept new user cv9Q714Bsa6hNiQbAAAA
accept new user inEvQHlM2JliZnW3AAAB
accept new user ea0XJe0bOJYFhZrJAAAC
2022-11-21 15:18:03.901,ea0XJe0bOJYFhZrJAAAC,,Expansion,[12,47,170,140]
2022-11-21 15:18:04.851,ea0XJe0bOJYFhZrJAAAC,,Shrink,[12,47,170,140]
2022-11-21 15:18:07.819,ea0XJe0bOJYFhZrJAAAC,,Expansion,[213,46,370,175]
2022-11-21 15:18:08.243,ea0XJe0bOJYFhZrJAAAC,,Shrink,[213,46,370,175]
2022-11-21 15:18:11.307,ea0XJe0bOJYFhZrJAAAC,,Expansion,[21,116,139,185]
2022-11-21 15:18:13.011,ea0XJe0bOJYFhZrJAAAC,,Shrink,[21,116,139,185]
accept new user ZXE3WTv2OI3sBXRZAAAD
accept new user Vh6p96wBPGePdkKRAAAE
accept new user VaQ5oCx5AiPkJKg0AAAF
accept new user su85TgoXQKRqLS2qAAAG
accept new user AR4o6wkELTRRrtjrAAAH
accept new user yuH38baWV3VKIwGrAAAI
accept new user fmT-KSR2__0NELa2AAAJ
accept new user ZxLnOC1DJzk9T4lJAAAK
accept new user Kz6zgkeAs3nNsdGjAAAL
accept new user QjcYJwxULd2wiTJoAAAM
accept new user 5SjrZvsJna22-RV7AAAN
accept new user 2AJkPDi9LgtmbJV1AAAO
accept new user 9XEDR1Go4yW-dv1lAAAP
accept new user DlAFLGOVUzglydNcAAAQ
accept new user L3IGbs6KjJ-ehqmfAAAR
accept new user jg0EE1Ri_mvbIOrUAAAS
accept new user 0abBwQQJxlVqniKrAAAT
accept new user CKRAivBHVPBd5npQAAAU
accept new user 5FESwzkZit5pjgXWAAAV
accept new user cfmxFgTxYiZZPDr_AAAW
accept new user MYQmRe_ga7iAzECGAAAX
accept new user nCqm734nBVXEQXNWAAAY
accept new user nTf1d0nn425NHqqbAAAZ
accept new user ie934yAFJatfXSs2AAAa
accept new user cgIRWOtO2tom0yT3AAAb
accept new user Q5BeLhuC4KF-9pGsAAAc
accept new user aBka9WHSm-e_hF6AAAAd
accept new user Eg4P5nOcUqgtIvPOAAAe
accept new user DRWA8bFPLFA9XD0QAAAf
accept new user CPUj2tJdukvAjL-LAAAg
accept new user _DE4KNs1dPOvG9GLAAAh
accept new user 10d0QZDvYYckDOHDAAAi
accept new user 71UjbOdNf7xW14QTAAAj
accept new user 9oz_EX-QZgpURqutAAAk
accept new user N2lwLu2DOq_LOnW-AAAl
accept new user ragAQ5t5_bVoqS21AAAm
accept new user MIoWDmmTpGB7BYiLAAAn
accept new user gbdC_rek9sQpUOTaAAAo
accept new user ucz6r7XL-C9AP499AAAp
accept new user pjAMzBUCHIOoWY9fAAAq
accept new user h3ud9xMHU2PuPvLZAAAr
accept new user uEorZGKNb4m_b1LBAAAs
accept new user VrixYb3XNidsbEdDAAAt
accept new user RUUgiGRMSb9f4QSTAAAu
accept new user vLRwKgtEumfFuHZ9AAAv
accept new user N_59nJLreAEBmWotAAAw
accept new user eB1kTYPwJPseaDvFAAAx
accept new user GDQ8HME0nJlwV34tAAAy
accept new user 1FN8VBS_ucqgu0nyAAAz
accept new user GiQ1tETyLZlrP8KOAAA0
accept new user dLYvEGFjkhyA6QqSAAA1
accept new user ymfVLnVBxy51wkb6AAA2
accept new user o4i09G4V-4Pl5GDKAAA3
accept new user OEvEu8Eql98gOGCcAAA4
accept new user 7AfNhj6-NL4C7FQjAAA5
accept new user W8eNUxPwXcst2_dXAAA6
accept new user h5vX931fsB9hshKCAAA7
accept new user -6-bcoeNnSDvT5e7AAA8
accept new user WTI-T9uSkNTJvRPKAAA9
